{"contracts/DAO.sol":{"l":{"49":1,"50":1,"51":1,"52":1,"60":5,"62":5,"64":5,"65":5,"66":5,"68":5,"72":8,"73":8,"75":8,"76":7,"77":6,"79":5,"81":5,"82":4,"84":1,"87":5,"91":2,"93":2,"96":1,"97":0,"98":0,"100":1,"103":1,"107":3,"109":3,"113":0,"115":0,"116":0,"117":0,"121":0,"123":0,"124":0,"128":0,"130":0,"131":0,"133":0,"138":1,"150":2,"151":2},"path":"/home/srbrkv04/last_entangle/dao/contracts/DAO.sol","s":{"1":1,"2":5,"3":5,"4":8,"5":8,"6":8,"7":7,"8":6,"9":5,"10":5,"11":2,"12":2,"13":1,"14":0,"15":0,"16":1,"17":3,"18":0,"19":0,"20":0,"21":0,"22":0,"23":0,"24":0,"25":0,"26":0,"27":1,"28":2,"29":2},"b":{"1":[5,0],"2":[7,1],"3":[6,1],"4":[5,1],"5":[4,1],"6":[1,1],"7":[0,1],"8":[0,0],"9":[0,0]},"f":{"1":1,"2":5,"3":8,"4":2,"5":3,"6":0,"7":0,"8":1,"9":2},"fnMap":{"1":{"name":"constructor","line":48,"loc":{"start":{"line":48,"column":4},"end":{"line":53,"column":4}}},"2":{"name":"addProposal","line":59,"loc":{"start":{"line":55,"column":4},"end":{"line":69,"column":4}}},"3":{"name":"vote","line":71,"loc":{"start":{"line":71,"column":4},"end":{"line":88,"column":4}}},"4":{"name":"finish","line":90,"loc":{"start":{"line":90,"column":4},"end":{"line":104,"column":4}}},"5":{"name":"deposit","line":106,"loc":{"start":{"line":106,"column":4},"end":{"line":110,"column":4}}},"6":{"name":"withdraw","line":112,"loc":{"start":{"line":112,"column":4},"end":{"line":125,"column":4}}},"7":{"name":"_execute","line":127,"loc":{"start":{"line":127,"column":4},"end":{"line":135,"column":4}}},"8":{"name":"getVoterInfo","line":137,"loc":{"start":{"line":137,"column":4},"end":{"line":139,"column":4}}},"9":{"name":"getProposal","line":141,"loc":{"start":{"line":141,"column":4},"end":{"line":159,"column":4}}}},"statementMap":{"1":{"start":{"line":52,"column":8},"end":{"line":52,"column":41}},"2":{"start":{"line":62,"column":8},"end":{"line":62,"column":64}},"3":{"start":{"line":68,"column":8},"end":{"line":68,"column":42}},"4":{"start":{"line":72,"column":8},"end":{"line":72,"column":60}},"5":{"start":{"line":73,"column":8},"end":{"line":73,"column":55}},"6":{"start":{"line":75,"column":8},"end":{"line":75,"column":74}},"7":{"start":{"line":76,"column":8},"end":{"line":76,"column":66}},"8":{"start":{"line":77,"column":8},"end":{"line":77,"column":77}},"9":{"start":{"line":79,"column":8},"end":{"line":79,"column":44}},"10":{"start":{"line":81,"column":8},"end":{"line":81,"column":2262}},"11":{"start":{"line":91,"column":8},"end":{"line":91,"column":60}},"12":{"start":{"line":93,"column":8},"end":{"line":93,"column":100}},"13":{"start":{"line":96,"column":8},"end":{"line":96,"column":2711}},"14":{"start":{"line":97,"column":12},"end":{"line":97,"column":31}},"15":{"start":{"line":98,"column":12},"end":{"line":98,"column":51}},"16":{"start":{"line":100,"column":12},"end":{"line":100,"column":52}},"17":{"start":{"line":107,"column":8},"end":{"line":107,"column":65}},"18":{"start":{"line":113,"column":8},"end":{"line":113,"column":55}},"19":{"start":{"line":115,"column":8},"end":{"line":115,"column":3289}},"20":{"start":{"line":116,"column":12},"end":{"line":116,"column":3362}},"21":{"start":{"line":117,"column":16},"end":{"line":117,"column":83}},"22":{"start":{"line":121,"column":8},"end":{"line":121,"column":46}},"23":{"start":{"line":128,"column":8},"end":{"line":128,"column":66}},"24":{"start":{"line":130,"column":8},"end":{"line":130,"column":3811}},"25":{"start":{"line":131,"column":12},"end":{"line":131,"column":60}},"26":{"start":{"line":133,"column":12},"end":{"line":133,"column":58}},"27":{"start":{"line":138,"column":8},"end":{"line":138,"column":28}},"28":{"start":{"line":150,"column":12},"end":{"line":150,"column":64}},"29":{"start":{"line":151,"column":12},"end":{"line":151,"column":4447}}},"branchMap":{"1":{"line":59,"type":"if","locations":[{"start":{"line":59,"column":15},"end":{"line":59,"column":15}},{"start":{"line":59,"column":15},"end":{"line":59,"column":15}}]},"2":{"line":75,"type":"if","locations":[{"start":{"line":75,"column":8},"end":{"line":75,"column":8}},{"start":{"line":75,"column":8},"end":{"line":75,"column":8}}]},"3":{"line":76,"type":"if","locations":[{"start":{"line":76,"column":8},"end":{"line":76,"column":8}},{"start":{"line":76,"column":8},"end":{"line":76,"column":8}}]},"4":{"line":77,"type":"if","locations":[{"start":{"line":77,"column":8},"end":{"line":77,"column":8}},{"start":{"line":77,"column":8},"end":{"line":77,"column":8}}]},"5":{"line":81,"type":"if","locations":[{"start":{"line":81,"column":8},"end":{"line":81,"column":8}},{"start":{"line":81,"column":8},"end":{"line":81,"column":8}}]},"6":{"line":93,"type":"if","locations":[{"start":{"line":93,"column":8},"end":{"line":93,"column":8}},{"start":{"line":93,"column":8},"end":{"line":93,"column":8}}]},"7":{"line":96,"type":"if","locations":[{"start":{"line":96,"column":8},"end":{"line":96,"column":8}},{"start":{"line":96,"column":8},"end":{"line":96,"column":8}}]},"8":{"line":116,"type":"if","locations":[{"start":{"line":116,"column":12},"end":{"line":116,"column":12}},{"start":{"line":116,"column":12},"end":{"line":116,"column":12}}]},"9":{"line":130,"type":"if","locations":[{"start":{"line":130,"column":8},"end":{"line":130,"column":8}},{"start":{"line":130,"column":8},"end":{"line":130,"column":8}}]}}},"contracts/IStaking.sol":{"l":{},"path":"/home/srbrkv04/last_entangle/dao/contracts/IStaking.sol","s":{},"b":{},"f":{},"fnMap":{},"statementMap":{},"branchMap":{}},"contracts/Staking.sol":{"l":{"39":1,"40":1,"41":1,"42":1,"43":1,"44":1,"49":0,"50":0,"51":0,"53":0,"55":0,"56":0,"57":0,"59":0,"63":0,"64":0,"66":0,"68":0,"70":0,"74":0,"75":0,"77":0,"79":0,"80":0,"82":0,"87":0,"90":0,"93":0,"97":0},"path":"/home/srbrkv04/last_entangle/dao/contracts/Staking.sol","s":{"1":1,"2":0,"3":0,"4":0,"5":0,"6":0,"7":0,"8":0,"9":0,"10":0,"11":0,"12":0,"13":0,"14":0,"15":0,"16":0},"b":{"1":[0,0],"2":[0,0],"3":[0,0],"4":[0,0],"5":[0,0],"6":[0,0],"7":[0,0],"8":[0,0],"9":[0,0],"10":[0,0],"11":[0,0]},"f":{"1":1,"2":0,"3":0,"4":0,"5":0,"6":0,"7":0,"8":0},"fnMap":{"1":{"name":"constructor","line":38,"loc":{"start":{"line":32,"column":4},"end":{"line":45,"column":4}}},"2":{"name":"stake","line":48,"loc":{"start":{"line":48,"column":4},"end":{"line":60,"column":4}}},"3":{"name":"claim","line":62,"loc":{"start":{"line":62,"column":4},"end":{"line":71,"column":4}}},"4":{"name":"unstake","line":73,"loc":{"start":{"line":73,"column":4},"end":{"line":83,"column":4}}},"5":{"name":"setRewardTime","line":86,"loc":{"start":{"line":86,"column":4},"end":{"line":88,"column":4}}},"6":{"name":"setRewardPercent","line":89,"loc":{"start":{"line":89,"column":4},"end":{"line":91,"column":4}}},"7":{"name":"setUnstakeTime","line":92,"loc":{"start":{"line":92,"column":4},"end":{"line":94,"column":4}}},"8":{"name":"grantAdminRole","line":96,"loc":{"start":{"line":96,"column":4},"end":{"line":98,"column":4}}}},"statementMap":{"1":{"start":{"line":39,"column":8},"end":{"line":39,"column":41}},"2":{"start":{"line":49,"column":8},"end":{"line":49,"column":71}},"3":{"start":{"line":50,"column":8},"end":{"line":50,"column":81}},"4":{"start":{"line":51,"column":8},"end":{"line":51,"column":117}},"5":{"start":{"line":53,"column":8},"end":{"line":53,"column":64}},"6":{"start":{"line":59,"column":8},"end":{"line":59,"column":70}},"7":{"start":{"line":63,"column":8},"end":{"line":63,"column":69}},"8":{"start":{"line":64,"column":8},"end":{"line":64,"column":105}},"9":{"start":{"line":66,"column":8},"end":{"line":66,"column":71}},"10":{"start":{"line":68,"column":8},"end":{"line":68,"column":47}},"11":{"start":{"line":70,"column":8},"end":{"line":70,"column":57}},"12":{"start":{"line":74,"column":8},"end":{"line":74,"column":69}},"13":{"start":{"line":75,"column":8},"end":{"line":75,"column":106}},"14":{"start":{"line":77,"column":8},"end":{"line":77,"column":61}},"15":{"start":{"line":82,"column":8},"end":{"line":82,"column":76}},"16":{"start":{"line":97,"column":8},"end":{"line":97,"column":36}}},"branchMap":{"1":{"line":49,"type":"if","locations":[{"start":{"line":49,"column":8},"end":{"line":49,"column":8}},{"start":{"line":49,"column":8},"end":{"line":49,"column":8}}]},"2":{"line":50,"type":"if","locations":[{"start":{"line":50,"column":8},"end":{"line":50,"column":8}},{"start":{"line":50,"column":8},"end":{"line":50,"column":8}}]},"3":{"line":51,"type":"if","locations":[{"start":{"line":51,"column":8},"end":{"line":51,"column":8}},{"start":{"line":51,"column":8},"end":{"line":51,"column":8}}]},"4":{"line":63,"type":"if","locations":[{"start":{"line":63,"column":8},"end":{"line":63,"column":8}},{"start":{"line":63,"column":8},"end":{"line":63,"column":8}}]},"5":{"line":64,"type":"if","locations":[{"start":{"line":64,"column":8},"end":{"line":64,"column":8}},{"start":{"line":64,"column":8},"end":{"line":64,"column":8}}]},"6":{"line":74,"type":"if","locations":[{"start":{"line":74,"column":8},"end":{"line":74,"column":8}},{"start":{"line":74,"column":8},"end":{"line":74,"column":8}}]},"7":{"line":75,"type":"if","locations":[{"start":{"line":75,"column":8},"end":{"line":75,"column":8}},{"start":{"line":75,"column":8},"end":{"line":75,"column":8}}]},"8":{"line":86,"type":"if","locations":[{"start":{"line":86,"column":50},"end":{"line":86,"column":50}},{"start":{"line":86,"column":50},"end":{"line":86,"column":50}}]},"9":{"line":89,"type":"if","locations":[{"start":{"line":89,"column":55},"end":{"line":89,"column":55}},{"start":{"line":89,"column":55},"end":{"line":89,"column":55}}]},"10":{"line":92,"type":"if","locations":[{"start":{"line":92,"column":51},"end":{"line":92,"column":51}},{"start":{"line":92,"column":51},"end":{"line":92,"column":51}}]},"11":{"line":96,"type":"if","locations":[{"start":{"line":96,"column":52},"end":{"line":96,"column":52}},{"start":{"line":96,"column":52},"end":{"line":96,"column":52}}]}}},"contracts/Token.sol":{"l":{"20":2,"21":2,"22":2,"26":2,"30":2,"34":0,"38":0,"42":0,"46":0,"47":0,"49":0,"50":0,"51":0,"52":0,"56":3,"57":3,"58":3,"59":3,"61":3,"63":3,"64":3,"65":3,"66":3,"70":3,"72":3,"73":3,"74":3,"78":0,"82":3,"83":3,"87":3,"88":3,"89":3,"96":0,"97":0,"98":0,"102":3,"103":3,"107":3,"108":3,"112":0,"113":0},"path":"/home/srbrkv04/last_entangle/dao/contracts/Token.sol","s":{"1":2,"2":2,"3":0,"4":0,"5":0,"6":0,"7":0,"8":0,"9":0,"10":3,"11":3,"12":3,"13":3,"14":3,"15":3,"16":3,"17":3,"18":3,"19":3,"20":0,"21":3,"22":3,"23":0,"24":3,"25":3,"26":0},"b":{"1":[0,0],"2":[0,0],"3":[3,0],"4":[3,0],"5":[3,0],"6":[3,0],"7":[3,0],"8":[3,0],"9":[3,0],"10":[0,0],"11":[0,0],"12":[0,0],"13":[3,0],"14":[3,0],"15":[0,0]},"f":{"1":2,"2":2,"3":2,"4":0,"5":0,"6":0,"7":0,"8":3,"9":3,"10":0,"11":3,"12":3,"13":0,"14":3,"15":3,"16":0},"fnMap":{"1":{"name":"constructor","line":19,"loc":{"start":{"line":19,"column":4},"end":{"line":23,"column":4}}},"2":{"name":"name","line":25,"loc":{"start":{"line":25,"column":4},"end":{"line":27,"column":4}}},"3":{"name":"symbol","line":29,"loc":{"start":{"line":29,"column":4},"end":{"line":31,"column":4}}},"4":{"name":"decimals","line":33,"loc":{"start":{"line":33,"column":4},"end":{"line":35,"column":4}}},"5":{"name":"totalSupply","line":37,"loc":{"start":{"line":37,"column":4},"end":{"line":39,"column":4}}},"6":{"name":"balanceOf","line":41,"loc":{"start":{"line":41,"column":4},"end":{"line":43,"column":4}}},"7":{"name":"transfer","line":45,"loc":{"start":{"line":45,"column":4},"end":{"line":53,"column":4}}},"8":{"name":"transferFrom","line":55,"loc":{"start":{"line":55,"column":4},"end":{"line":67,"column":4}}},"9":{"name":"approve","line":69,"loc":{"start":{"line":69,"column":4},"end":{"line":75,"column":4}}},"10":{"name":"allowance","line":77,"loc":{"start":{"line":77,"column":4},"end":{"line":79,"column":4}}},"11":{"name":"spendAllowance","line":81,"loc":{"start":{"line":81,"column":4},"end":{"line":84,"column":4}}},"12":{"name":"mint","line":86,"loc":{"start":{"line":86,"column":4},"end":{"line":90,"column":4}}},"13":{"name":"burn","line":95,"loc":{"start":{"line":92,"column":4},"end":{"line":99,"column":4}}},"14":{"name":"OnlyOwner","line":101,"loc":{"start":{"line":101,"column":4},"end":{"line":104,"column":4}}},"15":{"name":"Valid","line":106,"loc":{"start":{"line":106,"column":4},"end":{"line":109,"column":4}}},"16":{"name":"CheckBalance","line":111,"loc":{"start":{"line":111,"column":4},"end":{"line":114,"column":4}}}},"statementMap":{"1":{"start":{"line":26,"column":8},"end":{"line":26,"column":20}},"2":{"start":{"line":30,"column":8},"end":{"line":30,"column":22}},"3":{"start":{"line":34,"column":8},"end":{"line":34,"column":17}},"4":{"start":{"line":38,"column":8},"end":{"line":38,"column":26}},"5":{"start":{"line":42,"column":8},"end":{"line":42,"column":31}},"6":{"start":{"line":46,"column":8},"end":{"line":46,"column":55}},"7":{"start":{"line":47,"column":8},"end":{"line":47,"column":69}},"8":{"start":{"line":51,"column":8},"end":{"line":51,"column":44}},"9":{"start":{"line":52,"column":8},"end":{"line":52,"column":19}},"10":{"start":{"line":56,"column":8},"end":{"line":56,"column":59}},"11":{"start":{"line":57,"column":8},"end":{"line":57,"column":55}},"12":{"start":{"line":58,"column":8},"end":{"line":58,"column":88}},"13":{"start":{"line":59,"column":8},"end":{"line":59,"column":63}},"14":{"start":{"line":61,"column":8},"end":{"line":61,"column":66}},"15":{"start":{"line":65,"column":8},"end":{"line":65,"column":38}},"16":{"start":{"line":66,"column":8},"end":{"line":66,"column":19}},"17":{"start":{"line":70,"column":8},"end":{"line":70,"column":65}},"18":{"start":{"line":73,"column":8},"end":{"line":73,"column":49}},"19":{"start":{"line":74,"column":8},"end":{"line":74,"column":19}},"20":{"start":{"line":78,"column":8},"end":{"line":78,"column":42}},"21":{"start":{"line":83,"column":8},"end":{"line":83,"column":47}},"22":{"start":{"line":89,"column":8},"end":{"line":89,"column":51}},"23":{"start":{"line":98,"column":12},"end":{"line":98,"column":53}},"24":{"start":{"line":102,"column":8},"end":{"line":102,"column":57}},"25":{"start":{"line":107,"column":8},"end":{"line":107,"column":65}},"26":{"start":{"line":112,"column":8},"end":{"line":112,"column":74}}},"branchMap":{"1":{"line":46,"type":"if","locations":[{"start":{"line":46,"column":8},"end":{"line":46,"column":8}},{"start":{"line":46,"column":8},"end":{"line":46,"column":8}}]},"2":{"line":47,"type":"if","locations":[{"start":{"line":47,"column":8},"end":{"line":47,"column":8}},{"start":{"line":47,"column":8},"end":{"line":47,"column":8}}]},"3":{"line":56,"type":"if","locations":[{"start":{"line":56,"column":8},"end":{"line":56,"column":8}},{"start":{"line":56,"column":8},"end":{"line":56,"column":8}}]},"4":{"line":57,"type":"if","locations":[{"start":{"line":57,"column":8},"end":{"line":57,"column":8}},{"start":{"line":57,"column":8},"end":{"line":57,"column":8}}]},"5":{"line":58,"type":"if","locations":[{"start":{"line":58,"column":8},"end":{"line":58,"column":8}},{"start":{"line":58,"column":8},"end":{"line":58,"column":8}}]},"6":{"line":59,"type":"if","locations":[{"start":{"line":59,"column":8},"end":{"line":59,"column":8}},{"start":{"line":59,"column":8},"end":{"line":59,"column":8}}]},"7":{"line":70,"type":"if","locations":[{"start":{"line":70,"column":8},"end":{"line":70,"column":8}},{"start":{"line":70,"column":8},"end":{"line":70,"column":8}}]},"8":{"line":86,"type":"if","locations":[{"start":{"line":86,"column":59},"end":{"line":86,"column":59}},{"start":{"line":86,"column":59},"end":{"line":86,"column":59}}]},"9":{"line":86,"type":"if","locations":[{"start":{"line":86,"column":81},"end":{"line":86,"column":81}},{"start":{"line":86,"column":81},"end":{"line":86,"column":81}}]},"10":{"line":93,"type":"if","locations":[{"start":{"line":93,"column":8},"end":{"line":93,"column":8}},{"start":{"line":93,"column":8},"end":{"line":93,"column":8}}]},"11":{"line":94,"type":"if","locations":[{"start":{"line":94,"column":8},"end":{"line":94,"column":8}},{"start":{"line":94,"column":8},"end":{"line":94,"column":8}}]},"12":{"line":95,"type":"if","locations":[{"start":{"line":95,"column":8},"end":{"line":95,"column":8}},{"start":{"line":95,"column":8},"end":{"line":95,"column":8}}]},"13":{"line":102,"type":"if","locations":[{"start":{"line":102,"column":8},"end":{"line":102,"column":8}},{"start":{"line":102,"column":8},"end":{"line":102,"column":8}}]},"14":{"line":107,"type":"if","locations":[{"start":{"line":107,"column":8},"end":{"line":107,"column":8}},{"start":{"line":107,"column":8},"end":{"line":107,"column":8}}]},"15":{"line":112,"type":"if","locations":[{"start":{"line":112,"column":8},"end":{"line":112,"column":8}},{"start":{"line":112,"column":8},"end":{"line":112,"column":8}}]}}}}