TN:
SF:/home/srbrkv04/last_entangle/dao/contracts/DAO.sol
FN:48,constructor
FN:59,addProposal
FN:71,vote
FN:90,finish
FN:106,deposit
FN:112,withdraw
FN:127,_execute
FN:137,getVoterInfo
FN:141,getProposal
FNF:9
FNH:7
FNDA:1,constructor
FNDA:5,addProposal
FNDA:8,vote
FNDA:2,finish
FNDA:3,deposit
FNDA:0,withdraw
FNDA:0,_execute
FNDA:1,getVoterInfo
FNDA:2,getProposal
DA:49,1
DA:50,1
DA:51,1
DA:52,1
DA:60,5
DA:62,5
DA:64,5
DA:65,5
DA:66,5
DA:68,5
DA:72,8
DA:73,8
DA:75,8
DA:76,7
DA:77,6
DA:79,5
DA:81,5
DA:82,4
DA:84,1
DA:87,5
DA:91,2
DA:93,2
DA:96,1
DA:97,0
DA:98,0
DA:100,1
DA:103,1
DA:107,3
DA:109,3
DA:113,0
DA:115,0
DA:116,0
DA:117,0
DA:121,0
DA:123,0
DA:124,0
DA:128,0
DA:130,0
DA:131,0
DA:133,0
DA:138,1
DA:150,2
DA:151,2
LF:43
LH:30
BRDA:59,1,0,5
BRDA:59,1,1,0
BRDA:75,2,0,7
BRDA:75,2,1,1
BRDA:76,3,0,6
BRDA:76,3,1,1
BRDA:77,4,0,5
BRDA:77,4,1,1
BRDA:81,5,0,4
BRDA:81,5,1,1
BRDA:93,6,0,1
BRDA:93,6,1,1
BRDA:96,7,0,0
BRDA:96,7,1,1
BRDA:116,8,0,0
BRDA:116,8,1,0
BRDA:130,9,0,0
BRDA:130,9,1,0
BRF:18
BRH:12
end_of_record
TN:
SF:/home/srbrkv04/last_entangle/dao/contracts/IStaking.sol
FNF:0
FNH:0
LF:0
LH:0
BRF:0
BRH:0
end_of_record
TN:
SF:/home/srbrkv04/last_entangle/dao/contracts/Staking.sol
FN:38,constructor
FN:48,stake
FN:62,claim
FN:73,unstake
FN:86,setRewardTime
FN:89,setRewardPercent
FN:92,setUnstakeTime
FN:96,grantAdminRole
FNF:8
FNH:1
FNDA:1,constructor
FNDA:0,stake
FNDA:0,claim
FNDA:0,unstake
FNDA:0,setRewardTime
FNDA:0,setRewardPercent
FNDA:0,setUnstakeTime
FNDA:0,grantAdminRole
DA:39,1
DA:40,1
DA:41,1
DA:42,1
DA:43,1
DA:44,1
DA:49,0
DA:50,0
DA:51,0
DA:53,0
DA:55,0
DA:56,0
DA:57,0
DA:59,0
DA:63,0
DA:64,0
DA:66,0
DA:68,0
DA:70,0
DA:74,0
DA:75,0
DA:77,0
DA:79,0
DA:80,0
DA:82,0
DA:87,0
DA:90,0
DA:93,0
DA:97,0
LF:29
LH:6
BRDA:49,1,0,0
BRDA:49,1,1,0
BRDA:50,2,0,0
BRDA:50,2,1,0
BRDA:51,3,0,0
BRDA:51,3,1,0
BRDA:63,4,0,0
BRDA:63,4,1,0
BRDA:64,5,0,0
BRDA:64,5,1,0
BRDA:74,6,0,0
BRDA:74,6,1,0
BRDA:75,7,0,0
BRDA:75,7,1,0
BRDA:86,8,0,0
BRDA:86,8,1,0
BRDA:89,9,0,0
BRDA:89,9,1,0
BRDA:92,10,0,0
BRDA:92,10,1,0
BRDA:96,11,0,0
BRDA:96,11,1,0
BRF:22
BRH:0
end_of_record
TN:
SF:/home/srbrkv04/last_entangle/dao/contracts/Token.sol
FN:19,constructor
FN:25,name
FN:29,symbol
FN:33,decimals
FN:37,totalSupply
FN:41,balanceOf
FN:45,transfer
FN:55,transferFrom
FN:69,approve
FN:77,allowance
FN:81,spendAllowance
FN:86,mint
FN:95,burn
FN:101,OnlyOwner
FN:106,Valid
FN:111,CheckBalance
FNF:16
FNH:9
FNDA:2,constructor
FNDA:2,name
FNDA:2,symbol
FNDA:0,decimals
FNDA:0,totalSupply
FNDA:0,balanceOf
FNDA:0,transfer
FNDA:3,transferFrom
FNDA:3,approve
FNDA:0,allowance
FNDA:3,spendAllowance
FNDA:3,mint
FNDA:0,burn
FNDA:3,OnlyOwner
FNDA:3,Valid
FNDA:0,CheckBalance
DA:20,2
DA:21,2
DA:22,2
DA:26,2
DA:30,2
DA:34,0
DA:38,0
DA:42,0
DA:46,0
DA:47,0
DA:49,0
DA:50,0
DA:51,0
DA:52,0
DA:56,3
DA:57,3
DA:58,3
DA:59,3
DA:61,3
DA:63,3
DA:64,3
DA:65,3
DA:66,3
DA:70,3
DA:72,3
DA:73,3
DA:74,3
DA:78,0
DA:82,3
DA:83,3
DA:87,3
DA:88,3
DA:89,3
DA:96,0
DA:97,0
DA:98,0
DA:102,3
DA:103,3
DA:107,3
DA:108,3
DA:112,0
DA:113,0
LF:42
LH:27
BRDA:46,1,0,0
BRDA:46,1,1,0
BRDA:47,2,0,0
BRDA:47,2,1,0
BRDA:56,3,0,3
BRDA:56,3,1,0
BRDA:57,4,0,3
BRDA:57,4,1,0
BRDA:58,5,0,3
BRDA:58,5,1,0
BRDA:59,6,0,3
BRDA:59,6,1,0
BRDA:70,7,0,3
BRDA:70,7,1,0
BRDA:86,8,0,3
BRDA:86,8,1,0
BRDA:86,9,0,3
BRDA:86,9,1,0
BRDA:93,10,0,0
BRDA:93,10,1,0
BRDA:94,11,0,0
BRDA:94,11,1,0
BRDA:95,12,0,0
BRDA:95,12,1,0
BRDA:102,13,0,3
BRDA:102,13,1,0
BRDA:107,14,0,3
BRDA:107,14,1,0
BRDA:112,15,0,0
BRDA:112,15,1,0
BRF:30
BRH:9
end_of_record
